{"name": "test_reduce_goods", "status": "broken", "statusDetails": {"message": "selenium.common.exceptions.TimeoutException: Message:", "trace": "self = <PrimarySelenium.case.shoppingcart.test_shopping_cart.TestShoppingCartCase object at 0x0379DDC0>\ninit_cart = (<base.basepage.SeleniumDriver object at 0x0379D898>, <page.login_page.LoginPage object at 0x0396D400>, <page.home_pag...ductdetail_page.ProductDetailPage object at 0x0396D190>, <page.order_confirm_page.OrderPage object at 0x0396D2E0>, ...)\n\n    @pytest.mark.cart\n    @pytest.mark.usefixtures(\"init_cart\")\n    def test_reduce_goods(self, init_cart):\n        init_driver, login, home, cart, productDetail, orderConfirm, search = init_cart\n        login.login(\"13544989573\", \"111111\")\n        search.search_product(\"KUHASHI 细萃系列 18K红色黄金项链\")\n        search.navigate_productDetail_page()\n        productDetail.add_cart()\n        home.enter_cart()\n        cart.click_reduce_button(\"KUHASHI 细萃系列 18K红色黄金项链\")\n>       cart.assert_reduce_fail(\"KUHASHI 细萃系列 18K红色黄金项链\")\n\ncase\\shoppingcart\\test_shopping_cart.py:105: \n_ _ _ _ _ _ _ _ _ _ _ _ _ _ _ _ _ _ _ _ _ _ _ _ _ _ _ _ _ _ _ _ _ _ _ _ _ _ _ _ _ _ _ _ _ _ _ _ _ _ _ _ _ _ _ _ _ _ _ _ _ _ _ _ _ _ _ _ _ _ _ _ _ _ _ _ _ _ _ _ _ _ _ _ _ _ _ _ _ _ _ _ _ _ _ _ _ _ _ _ _ _ _ _ _ _ _ _ _ _ _ _ _ _ _ _ _ _ _ _ _ _ _ _ _ _ _ _ _ _ _ _\npage\\shoppingcart_page.py:81: in assert_reduce_fail\n    assert self.fd.get_element(\"shoppingcart\", \"goods_amount\", \"购物车页_查找商品数量\").get_attribute(\"vakue\") == '1'\nbase\\basepage.py:191: in get_element\n    self.wait_eleVisible(node, info, img_doc)\nbase\\basepage.py:94: in wait_eleVisible\n    WebDriverWait(self.driver, timeout, frequency).until(EC.visibility_of_element_located(loc))\n_ _ _ _ _ _ _ _ _ _ _ _ _ _ _ _ _ _ _ _ _ _ _ _ _ _ _ _ _ _ _ _ _ _ _ _ _ _ _ _ _ _ _ _ _ _ _ _ _ _ _ _ _ _ _ _ _ _ _ _ _ _ _ _ _ _ _ _ _ _ _ _ _ _ _ _ _ _ _ _ _ _ _ _ _ _ _ _ _ _ _ _ _ _ _ _ _ _ _ _ _ _ _ _ _ _ _ _ _ _ _ _ _ _ _ _ _ _ _ _ _ _ _ _ _ _ _ _ _ _ _ _\n\nself = <selenium.webdriver.support.wait.WebDriverWait (session=\"708af6c3634c885d68e638c8cd448fc3\")>, method = <selenium.webdriver.support.expected_conditions.visibility_of_element_located object at 0x0396DA78>, message = ''\n\n    def until(self, method, message=''):\n        \"\"\"Calls the method provided with the driver as an argument until the \\\n        return value is not False.\"\"\"\n        screen = None\n        stacktrace = None\n    \n        end_time = time.time() + self._timeout\n        while True:\n            try:\n                value = method(self._driver)\n                if value:\n                    return value\n            except self._ignored_exceptions as exc:\n                screen = getattr(exc, 'screen', None)\n                stacktrace = getattr(exc, 'stacktrace', None)\n            time.sleep(self._poll)\n            if time.time() > end_time:\n                break\n>       raise TimeoutException(message, screen, stacktrace)\nE       selenium.common.exceptions.TimeoutException: Message:\n\nD:\\python\\lib\\site-packages\\selenium\\webdriver\\support\\wait.py:80: TimeoutException"}, "attachments": [{"name": "log", "source": "a1862680-41c4-4738-8b70-5d0ee275c7aa-attachment.txt", "type": "text/plain"}], "start": 1605876812307, "stop": 1605876850700, "uuid": "ae3ed89b-2f52-476d-9893-75aa1d280e32", "historyId": "300e1ab435a7e7064283dc3a1c9ac4ed", "testCaseId": "d0261da6e08a0ac52266bc56419a5a86", "fullName": "case.shoppingcart.test_shopping_cart.TestShoppingCartCase#test_reduce_goods", "labels": [{"name": "tag", "value": "@pytest.mark.usefixtures('init_cart')"}, {"name": "tag", "value": "cart"}, {"name": "parentSuite", "value": "case.shoppingcart"}, {"name": "suite", "value": "test_shopping_cart"}, {"name": "subSuite", "value": "TestShoppingCartCase"}, {"name": "host", "value": "FYYX-2019VXOSDQ"}, {"name": "thread", "value": "12632-MainThread"}, {"name": "framework", "value": "pytest"}, {"name": "language", "value": "cpython3"}, {"name": "package", "value": "case.shoppingcart.test_shopping_cart"}]}