{"name": "test_reduce_goods", "status": "broken", "statusDetails": {"message": "selenium.common.exceptions.TimeoutException: Message:", "trace": "self = <PrimarySelenium.case.shoppingcart.test_shopping_cart.TestShoppingCartCase object at 0x03930E80>\ninit_cart = (<base.basepage.SeleniumDriver object at 0x03930EF8>, <page.login_page.LoginPage object at 0x0394A8E0>, <page.home_pag...ductdetail_page.ProductDetailPage object at 0x0394AB20>, <page.order_confirm_page.OrderPage object at 0x0394AAC0>, ...)\n\n    @pytest.mark.cart\n    @pytest.mark.usefixtures(\"init_cart\")\n    def test_reduce_goods(self, init_cart):\n        init_driver, login, home, cart, productDetail, orderConfirm, search = init_cart\n>       login.login(\"13544989573\", \"111111\")\n\ncase\\shoppingcart\\test_shopping_cart.py:100: \n_ _ _ _ _ _ _ _ _ _ _ _ _ _ _ _ _ _ _ _ _ _ _ _ _ _ _ _ _ _ _ _ _ _ _ _ _ _ _ _ _ _ _ _ _ _ _ _ _ _ _ _ _ _ _ _ _ _ _ _ _ _ _ _ _ _ _ _ _ _ _ _ _ _ _ _ _ _ _ _ _ _ _ _ _ _ _ _ _ _ _ _ _ _ _ _ _ _ _ _ _ _ _ _ _ _ _ _ _ _ _ _ _ _ _ _ _ _ _ _ _ _ _ _ _ _ _ _ _ _ _ _\npage\\login_page.py:13: in login\n    phone_element = self.fd.find_level_element('login', 'login_phone_parent', 'login_phone_children', \"登录页面_查找手机号输入框\", 1, 0)\nbase\\basepage.py:304: in find_level_element\n    element = self.find_list_element(node, parent_info, parent_index, img_doc)\nbase\\basepage.py:351: in find_list_element\n    self.wait_eleVisible(node, info, img_doc) # 等待元素出现\nbase\\basepage.py:94: in wait_eleVisible\n    WebDriverWait(self.driver, timeout, frequency).until(EC.visibility_of_element_located(loc))\n_ _ _ _ _ _ _ _ _ _ _ _ _ _ _ _ _ _ _ _ _ _ _ _ _ _ _ _ _ _ _ _ _ _ _ _ _ _ _ _ _ _ _ _ _ _ _ _ _ _ _ _ _ _ _ _ _ _ _ _ _ _ _ _ _ _ _ _ _ _ _ _ _ _ _ _ _ _ _ _ _ _ _ _ _ _ _ _ _ _ _ _ _ _ _ _ _ _ _ _ _ _ _ _ _ _ _ _ _ _ _ _ _ _ _ _ _ _ _ _ _ _ _ _ _ _ _ _ _ _ _ _\n\nself = <selenium.webdriver.support.wait.WebDriverWait (session=\"66b294d79dbd4d0d920e70821a15bd80\")>, method = <selenium.webdriver.support.expected_conditions.visibility_of_element_located object at 0x0394AB50>, message = ''\n\n    def until(self, method, message=''):\n        \"\"\"Calls the method provided with the driver as an argument until the \\\n        return value is not False.\"\"\"\n        screen = None\n        stacktrace = None\n    \n        end_time = time.time() + self._timeout\n        while True:\n            try:\n                value = method(self._driver)\n                if value:\n                    return value\n            except self._ignored_exceptions as exc:\n                screen = getattr(exc, 'screen', None)\n                stacktrace = getattr(exc, 'stacktrace', None)\n            time.sleep(self._poll)\n            if time.time() > end_time:\n                break\n>       raise TimeoutException(message, screen, stacktrace)\nE       selenium.common.exceptions.TimeoutException: Message:\n\nD:\\python\\lib\\site-packages\\selenium\\webdriver\\support\\wait.py:80: TimeoutException"}, "attachments": [{"name": "log", "source": "46d25467-487c-4f1a-a9ab-369795d3592b-attachment.txt", "type": "text/plain"}], "start": 1605873673447, "stop": 1605873703806, "uuid": "fd4713e2-e869-4b0d-aa9a-17cf097f4966", "historyId": "300e1ab435a7e7064283dc3a1c9ac4ed", "testCaseId": "d0261da6e08a0ac52266bc56419a5a86", "fullName": "case.shoppingcart.test_shopping_cart.TestShoppingCartCase#test_reduce_goods", "labels": [{"name": "tag", "value": "cart"}, {"name": "tag", "value": "@pytest.mark.usefixtures('init_cart')"}, {"name": "parentSuite", "value": "case.shoppingcart"}, {"name": "suite", "value": "test_shopping_cart"}, {"name": "subSuite", "value": "TestShoppingCartCase"}, {"name": "host", "value": "FYYX-2019VXOSDQ"}, {"name": "thread", "value": "12744-MainThread"}, {"name": "framework", "value": "pytest"}, {"name": "language", "value": "cpython3"}, {"name": "package", "value": "case.shoppingcart.test_shopping_cart"}]}