{"name": "test_reduce_goods", "status": "broken", "statusDetails": {"message": "selenium.common.exceptions.TimeoutException: Message:", "trace": "self = <PrimarySelenium.case.shoppingcart.test_shopping_cart.TestShoppingCartCase object at 0x039613A0>\ninit_cart = (<base.basepage.SeleniumDriver object at 0x039782B0>, <page.login_page.LoginPage object at 0x03978550>, <page.home_pag...ductdetail_page.ProductDetailPage object at 0x03978598>, <page.order_confirm_page.OrderPage object at 0x03978688>, ...)\n\n    @pytest.mark.cart\n    @pytest.mark.usefixtures(\"init_cart\")\n    def test_reduce_goods(self, init_cart):\n        init_driver, login, home, cart, productDetail, orderConfirm, search = init_cart\n>       login.login(\"13544989573\", \"111111\")\n\ncase\\shoppingcart\\test_shopping_cart.py:100: \n_ _ _ _ _ _ _ _ _ _ _ _ _ _ _ _ _ _ _ _ _ _ _ _ _ _ _ _ _ _ _ _ _ _ _ _ _ _ _ _ _ _ _ _ _ _ _ _ _ _ _ _ _ _ _ _ _ _ _ _ _ _ _ _ _ _ _ _ _ _ _ _ _ _ _ _ _ _ _ _ _ _ _ _ _ _ _ _ _ _ _ _ _ _ _ _ _ _ _ _ _ _ _ _ _ _ _ _ _ _ _ _ _ _ _ _ _ _ _ _ _ _ _ _ _ _ _ _ _ _ _ _\npage\\login_page.py:13: in login\n    phone_element = self.fd.find_level_element('login', 'login_phone_parent', 'login_phone_children', \"登录页面_查找手机号输入框\", 1, 0)\nbase\\basepage.py:304: in find_level_element\n    element = self.find_list_element(node, parent_info, parent_index, img_doc)\nbase\\basepage.py:351: in find_list_element\n    self.wait_eleVisible(node, info, img_doc) # 等待元素出现\nbase\\basepage.py:94: in wait_eleVisible\n    WebDriverWait(self.driver, timeout, frequency).until(EC.visibility_of_element_located(loc))\n_ _ _ _ _ _ _ _ _ _ _ _ _ _ _ _ _ _ _ _ _ _ _ _ _ _ _ _ _ _ _ _ _ _ _ _ _ _ _ _ _ _ _ _ _ _ _ _ _ _ _ _ _ _ _ _ _ _ _ _ _ _ _ _ _ _ _ _ _ _ _ _ _ _ _ _ _ _ _ _ _ _ _ _ _ _ _ _ _ _ _ _ _ _ _ _ _ _ _ _ _ _ _ _ _ _ _ _ _ _ _ _ _ _ _ _ _ _ _ _ _ _ _ _ _ _ _ _ _ _ _ _\n\nself = <selenium.webdriver.support.wait.WebDriverWait (session=\"8eaafe4b5e9da67132fa80a78c2357a7\")>, method = <selenium.webdriver.support.expected_conditions.visibility_of_element_located object at 0x039787C0>, message = ''\n\n    def until(self, method, message=''):\n        \"\"\"Calls the method provided with the driver as an argument until the \\\n        return value is not False.\"\"\"\n        screen = None\n        stacktrace = None\n    \n        end_time = time.time() + self._timeout\n        while True:\n            try:\n                value = method(self._driver)\n                if value:\n                    return value\n            except self._ignored_exceptions as exc:\n                screen = getattr(exc, 'screen', None)\n                stacktrace = getattr(exc, 'stacktrace', None)\n            time.sleep(self._poll)\n            if time.time() > end_time:\n                break\n>       raise TimeoutException(message, screen, stacktrace)\nE       selenium.common.exceptions.TimeoutException: Message:\n\nD:\\python\\lib\\site-packages\\selenium\\webdriver\\support\\wait.py:80: TimeoutException"}, "attachments": [{"name": "log", "source": "b1bc78b3-0cd3-400d-969b-46cc8e407154-attachment.txt", "type": "text/plain"}], "start": 1605872850668, "stop": 1605872881235, "uuid": "b5c29993-398a-4f54-b560-10656f57a105", "historyId": "300e1ab435a7e7064283dc3a1c9ac4ed", "testCaseId": "d0261da6e08a0ac52266bc56419a5a86", "fullName": "case.shoppingcart.test_shopping_cart.TestShoppingCartCase#test_reduce_goods", "labels": [{"name": "tag", "value": "@pytest.mark.usefixtures('init_cart')"}, {"name": "tag", "value": "cart"}, {"name": "parentSuite", "value": "case.shoppingcart"}, {"name": "suite", "value": "test_shopping_cart"}, {"name": "subSuite", "value": "TestShoppingCartCase"}, {"name": "host", "value": "FYYX-2019VXOSDQ"}, {"name": "thread", "value": "8892-MainThread"}, {"name": "framework", "value": "pytest"}, {"name": "language", "value": "cpython3"}, {"name": "package", "value": "case.shoppingcart.test_shopping_cart"}]}